<?xml version="1.0" encoding="UTF-8"?>
<testsuite name="TwoferTest" tests="3" skipped="0" failures="0" errors="0" timestamp="2024-04-10T14:03:34" hostname="PRADEEP-ENVY" time="0.067">
  <properties/>
  <testcase name="noNameGiven()" classname="TwoferTest" time="0.061"/>
  <testcase name="aNameGiven()" classname="TwoferTest" time="0.001"/>
  <testcase name="anotherNameGiven()" classname="TwoferTest" time="0.002"/>
  <system-out><![CDATA[]]></system-out>
  <system-err><![CDATA[]]></system-err>
</testsuite>
