<?xml version="1.0" encoding="UTF-8"?>
<testsuite name="PythagoreanTripletTest" tests="1" skipped="1" failures="0" errors="0" timestamp="2024-04-11T13:40:32" hostname="PRADEEP-ENVY" time="0.001">
  <properties/>
  <testcase name="tripletsWhoseSumIs108()" classname="PythagoreanTripletTest" time="0.001">
    <skipped/>
  </testcase>
  <system-out><![CDATA[]]></system-out>
  <system-err><![CDATA[]]></system-err>
</testsuite>
