<?xml version="1.0" encoding="UTF-8"?>
<testsuite name="ErrorHandlingTest" tests="11" skipped="0" failures="0" errors="0" timestamp="2024-04-11T06:28:58" hostname="PRADEEP-ENVY" time="0.152">
  <properties/>
  <testcase name="testThrowIllegalArgumentExceptionWithDetailMessage()" classname="ErrorHandlingTest" time="0.098"/>
  <testcase name="testReturnOptionalInstance()" classname="ErrorHandlingTest" time="0.009"/>
  <testcase name="testThrowCustomUncheckedException()" classname="ErrorHandlingTest" time="0.005"/>
  <testcase name="testThrowCustomCheckedExceptionWithDetailMessage()" classname="ErrorHandlingTest" time="0.003"/>
  <testcase name="testThrowCustomUncheckedExceptionWithDetailMessage()" classname="ErrorHandlingTest" time="0.002"/>
  <testcase name="testThrowIllegalArgumentException()" classname="ErrorHandlingTest" time="0.001"/>
  <testcase name="testThrowAnyUncheckedException()" classname="ErrorHandlingTest" time="0.004"/>
  <testcase name="testThrowAnyCheckedExceptionWithDetailMessage()" classname="ErrorHandlingTest" time="0.002"/>
  <testcase name="testThrowAnyCheckedException()" classname="ErrorHandlingTest" time="0.002"/>
  <testcase name="testThrowAnyUncheckedExceptionWithDetailMessage()" classname="ErrorHandlingTest" time="0.002"/>
  <testcase name="testThrowCustomCheckedException()" classname="ErrorHandlingTest" time="0.002"/>
  <system-out><![CDATA[]]></system-out>
  <system-err><![CDATA[]]></system-err>
</testsuite>
