<?xml version="1.0" encoding="UTF-8"?>
<testsuite name="ResistorColorTest" tests="4" skipped="0" failures="0" errors="0" timestamp="2024-04-10T14:32:25" hostname="PRADEEP-ENVY" time="0.085">
  <properties/>
  <testcase name="testWhiteColorCode()" classname="ResistorColorTest" time="0.065"/>
  <testcase name="testColors()" classname="ResistorColorTest" time="0.01"/>
  <testcase name="testBlackColorCode()" classname="ResistorColorTest" time="0.002"/>
  <testcase name="testOrangeColorCode()" classname="ResistorColorTest" time="0.002"/>
  <system-out><![CDATA[]]></system-out>
  <system-err><![CDATA[]]></system-err>
</testsuite>
