<?xml version="1.0" encoding="UTF-8"?>
<testsuite name="LeapTest" tests="9" skipped="0" failures="0" errors="0" timestamp="2024-04-10T14:11:25" hostname="PRADEEP-ENVY" time="0.078">
  <properties/>
  <testcase name="testYearDivBy100NotDivBy3IsNotLeapYear()" classname="LeapTest" time="0.054"/>
  <testcase name="testYearDivBy2NotDivBy4InCommonYear()" classname="LeapTest" time="0.001"/>
  <testcase name="testYearDivBy400InLeapYear()" classname="LeapTest" time="0.001"/>
  <testcase name="testYearNotDivBy4InCommonYear()" classname="LeapTest" time="0.002"/>
  <testcase name="testYearDivBy4NotDivBy100InLeapYear()" classname="LeapTest" time="0.002"/>
  <testcase name="testYearDivBy400NotDivBy125IsLeapYear()" classname="LeapTest" time="0.002"/>
  <testcase name="testYearDivBy100NotDivBy400InCommonYear()" classname="LeapTest" time="0.002"/>
  <testcase name="testYearDivBy200NotDivBy400InCommonYear()" classname="LeapTest" time="0.002"/>
  <testcase name="testYearDivBy4And5InLeapYear()" classname="LeapTest" time="0.002"/>
  <system-out><![CDATA[]]></system-out>
  <system-err><![CDATA[]]></system-err>
</testsuite>
